<?xml version="1.0" encoding="UTF-8"?>
<!-- Generated by org.testng.reporters.JUnitXMLReporter -->
<testsuite ignored="0" hostname="Angel-Maria" failures="1" tests="1" name="Test" time="6.035" errors="0" timestamp="2022-10-05T12:37:56 CLST">
  <testcase classname="PruebaTestng.PruebaPractica" name="prueba" time="5.971">
    <failure type="java.lang.AssertionError" message="expected [Welcome: Mercury Tour] but found [Welcome: Mercury Tours]">
      <![CDATA[java.lang.AssertionError: expected [Welcome: Mercury Tour] but found [Welcome: Mercury Tours]
at PruebaTestng.PruebaPractica.prueba(PruebaPractica.java:22)
at java.base/java.util.ArrayList.forEach(ArrayList.java:1511)
... Removed 31 stack frames]]>
    </failure>
  </testcase> <!-- prueba -->
</testsuite> <!-- Test -->
